Arguments: 
  /usr/bin/node /usr/bin/yarn install

PATH: 
  /usr/local/sbin:/usr/local/bin:/usr/bin:/usr/lib/jvm/default/bin:/usr/bin/site_perl:/usr/bin/vendor_perl:/usr/bin/core_perl:/home/paul/Scripts:/home/paul/bin:/home/paul/Scripts

Yarn version: 
  1.22.10

Node version: 
  15.4.0

Platform: 
  linux x64

Trace: 
  Error: getaddrinfo EAI_AGAIN registry.yarnpkg.com
      at GetAddrInfoReqWrap.onlookup [as oncomplete] (node:dns:67:26)

npm manifest: 
  {
      "name": "udm-server",
      "version": "2.0.0",
      "description": "",
      "author": "@pau1tuck",
      "license": "MIT",
      "main": "build/index.js",
      "scripts": {
          "compile": "tsc -w",
          "dev": "nodemon build/index.js",
          "start": "node build/index.js",
          "lint": "eslint '*/**/*.{js,ts,tsx}' --quiet --fix"
      },
      "dependencies": {
          "apollo-server-express": "^2.19.0",
          "argon2": "^0.27.0",
          "connect-redis": "^5.0.0",
          "cors": "^2.8.5",
          "dotenv": "^8.2.0",
          "express": "^4.17.1",
          "express-session": "^1.17.1",
          "graphql": "^15.4.0",
          "ioredis": "^4.19.4",
          "pg": "^8.5.1",
          "redis": "^3.0.2",
          "reflect-metadata": "^0.1.13",
          "type-graphql": "^1.1.1",
          "typeorm": "^0.2.29"
      },
      "devDependencies": {
          "@types/connect-redis": "^0.0.16",
          "@types/express": "^4.17.1",
          "@types/express-session": "^1.17.3",
          "@types/graphql": "^14.5.0",
          "@types/node": "^14.14.12",
          "@types/redis": "^2.8.28",
          "@typescript-eslint/eslint-plugin": "^4.11.0",
          "@typescript-eslint/parser": "^4.11.0",
          "class-validator": "^0.12.2",
          "eslint": "^7.16.0",
          "eslint-config-airbnb-typescript": "^12.0.0",
          "eslint-config-prettier": "^7.1.0",
          "eslint-plugin-import": "^2.22.1",
          "eslint-plugin-prettier": "^3.3.0",
          "nodemon": "^2.0.6",
          "prettier": "^2.2.1",
          "typescript": "^4.1.3"
      }
  }

yarn manifest: 
  No manifest

Lockfile: 
  No lockfile
